[0524/110325.986:ERROR:process_memory_win.cc(73)] ReadMemory at 0x282da17bf50 of 72 bytes failed: Only part of a ReadProcessMemory or WriteProcessMemory request was completed. (0x12B)
[0524/110325.989:WARNING:pe_image_annotations_reader.cc(134)] could not read annotations list object in C:\Program Files (x86)\Google\Chrome\Application\81.0.4044.138\chrome_elf.dll
[0524/110325.990:ERROR:process_memory_win.cc(73)] ReadMemory at 0x282da7d8380 of 72 bytes failed: Only part of a ReadProcessMemory or WriteProcessMemory request was completed. (0x12B)
[0524/110325.990:WARNING:pe_image_annotations_reader.cc(134)] could not read annotations list object in C:\Program Files (x86)\Google\Chrome\Application\81.0.4044.138\chrome.dll
[0524/110325.990:ERROR:process_memory_win.cc(73)] ReadMemory at 0x282da710000 of 64 bytes failed: Only part of a ReadProcessMemory or WriteProcessMemory request was completed. (0x12B)
[0524/110325.991:WARNING:pe_image_reader.cc(340)] could not read dos header from C:\WINDOWS\System32\WS2_32.dll
[0524/110325.992:ERROR:process_memory_win.cc(73)] ReadMemory at 0x282da17bf50 of 72 bytes failed: Only part of a ReadProcessMemory or WriteProcessMemory request was completed. (0x12B)
[0524/110325.992:WARNING:pe_image_annotations_reader.cc(134)] could not read annotations list object in C:\Program Files (x86)\Google\Chrome\Application\81.0.4044.138\chrome_elf.dll
[0524/110325.993:ERROR:process_memory_win.cc(73)] ReadMemory at 0x282da7d8380 of 72 bytes failed: Only part of a ReadProcessMemory or WriteProcessMemory request was completed. (0x12B)
[0524/110325.993:WARNING:pe_image_annotations_reader.cc(134)] could not read annotations list object in C:\Program Files (x86)\Google\Chrome\Application\81.0.4044.138\chrome.dll
[0524/110325.993:ERROR:process_memory_win.cc(73)] ReadMemory at 0x282da710000 of 64 bytes failed: Only part of a ReadProcessMemory or WriteProcessMemory request was completed. (0x12B)
[0524/110325.993:WARNING:pe_image_reader.cc(340)] could not read dos header from C:\WINDOWS\System32\WS2_32.dll
[0524/110326.019:ERROR:process_memory_win.cc(73)] ReadMemory at 0xf9207f9000 of 28672 bytes failed: Only part of a ReadProcessMemory or WriteProcessMemory request was completed. (0x12B)
[0524/110326.019:ERROR:process_memory_win.cc(73)] ReadMemory at 0xf920ffd000 of 12288 bytes failed: Only part of a ReadProcessMemory or WriteProcessMemory request was completed. (0x12B)
[0524/110326.019:ERROR:process_memory_win.cc(73)] ReadMemory at 0xf9217fd000 of 12288 bytes failed: Only part of a ReadProcessMemory or WriteProcessMemory request was completed. (0x12B)
[0524/110326.020:ERROR:process_memory_win.cc(73)] ReadMemory at 0xf921ffd000 of 12288 bytes failed: Only part of a ReadProcessMemory or WriteProcessMemory request was completed. (0x12B)
[0524/110326.020:ERROR:process_memory_win.cc(73)] ReadMemory at 0xf9227fc000 of 16384 bytes failed: Only part of a ReadProcessMemory or WriteProcessMemory request was completed. (0x12B)
[0524/110326.020:ERROR:process_memory_win.cc(73)] ReadMemory at 0xf922ffe000 of 8192 bytes failed: Only part of a ReadProcessMemory or WriteProcessMemory request was completed. (0x12B)
[0524/110326.020:ERROR:process_memory_win.cc(73)] ReadMemory at 0xf9237fd000 of 12288 bytes failed: Only part of a ReadProcessMemory or WriteProcessMemory request was completed. (0x12B)
[0524/110326.020:ERROR:process_memory_win.cc(73)] ReadMemory at 0xf923ffd000 of 12288 bytes failed: Only part of a ReadProcessMemory or WriteProcessMemory request was completed. (0x12B)
[0524/110326.020:ERROR:process_memory_win.cc(73)] ReadMemory at 0xf9247fd000 of 12288 bytes failed: Only part of a ReadProcessMemory or WriteProcessMemory request was completed. (0x12B)
[0524/110326.021:ERROR:process_memory_win.cc(73)] ReadMemory at 0xf924ffd000 of 12288 bytes failed: Only part of a ReadProcessMemory or WriteProcessMemory request was completed. (0x12B)
[0524/110326.021:ERROR:process_memory_win.cc(73)] ReadMemory at 0xf9257fd000 of 12288 bytes failed: Only part of a ReadProcessMemory or WriteProcessMemory request was completed. (0x12B)
[0524/110326.021:ERROR:process_memory_win.cc(73)] ReadMemory at 0xf925ffd000 of 12288 bytes failed: Only part of a ReadProcessMemory or WriteProcessMemory request was completed. (0x12B)
[0524/110326.022:ERROR:process_memory_win.cc(73)] ReadMemory at 0xf91ff34000 of 852 bytes failed: Only part of a ReadProcessMemory or WriteProcessMemory request was completed. (0x12B)
[0524/110326.022:ERROR:process_memory_win.cc(73)] ReadMemory at 0xf91ff35000 of 6024 bytes failed: Only part of a ReadProcessMemory or WriteProcessMemory request was completed. (0x12B)
[0524/110326.022:ERROR:process_memory_win.cc(73)] ReadMemory at 0xf91ff37000 of 6024 bytes failed: Only part of a ReadProcessMemory or WriteProcessMemory request was completed. (0x12B)
[0524/110326.023:ERROR:process_memory_win.cc(73)] ReadMemory at 0xf91ff39000 of 6024 bytes failed: Only part of a ReadProcessMemory or WriteProcessMemory request was completed. (0x12B)
[0524/110326.023:ERROR:process_memory_win.cc(73)] ReadMemory at 0xf91ff3b000 of 6024 bytes failed: Only part of a ReadProcessMemory or WriteProcessMemory request was completed. (0x12B)
[0524/110326.023:ERROR:process_memory_win.cc(73)] ReadMemory at 0xf91ff3d000 of 6024 bytes failed: Only part of a ReadProcessMemory or WriteProcessMemory request was completed. (0x12B)
[0524/110326.023:ERROR:process_memory_win.cc(73)] ReadMemory at 0xf91ff3f000 of 6024 bytes failed: Only part of a ReadProcessMemory or WriteProcessMemory request was completed. (0x12B)
[0524/110326.023:ERROR:process_memory_win.cc(73)] ReadMemory at 0xf91ff41000 of 6024 bytes failed: Only part of a ReadProcessMemory or WriteProcessMemory request was completed. (0x12B)
[0524/110326.024:ERROR:process_memory_win.cc(73)] ReadMemory at 0xf91ff43000 of 6024 bytes failed: Only part of a ReadProcessMemory or WriteProcessMemory request was completed. (0x12B)
[0524/110326.024:ERROR:process_memory_win.cc(73)] ReadMemory at 0xf91ff45000 of 6024 bytes failed: Only part of a ReadProcessMemory or WriteProcessMemory request was completed. (0x12B)
[0524/110326.024:ERROR:process_memory_win.cc(73)] ReadMemory at 0xf91ff47000 of 6024 bytes failed: Only part of a ReadProcessMemory or WriteProcessMemory request was completed. (0x12B)
[0524/110326.024:ERROR:process_memory_win.cc(73)] ReadMemory at 0xf91ff49000 of 6024 bytes failed: Only part of a ReadProcessMemory or WriteProcessMemory request was completed. (0x12B)
[0524/110326.024:ERROR:process_memory_win.cc(73)] ReadMemory at 0xf91ff4b000 of 6024 bytes failed: Only part of a ReadProcessMemory or WriteProcessMemory request was completed. (0x12B)
[0524/110326.024:ERROR:process_memory_win.cc(73)] ReadMemory at 0x282da1d0fe0 of 18244 bytes failed: Only part of a ReadProcessMemory or WriteProcessMemory request was completed. (0x12B)
[0524/110326.025:ERROR:process_memory_win.cc(73)] ReadMemory at 0x282da1d5730 of 1012 bytes failed: Only part of a ReadProcessMemory or WriteProcessMemory request was completed. (0x12B)
[0524/110326.025:ERROR:process_memory_win.cc(73)] ReadMemory at 0x282da1d5d78 of 118 bytes failed: Only part of a ReadProcessMemory or WriteProcessMemory request was completed. (0x12B)
[0524/110326.025:ERROR:process_memory_win.cc(73)] ReadMemory at 0x282da1d5df0 of 866 bytes failed: Only part of a ReadProcessMemory or WriteProcessMemory request was completed. (0x12B)
[0524/110326.025:ERROR:process_memory_win.cc(73)] ReadMemory at 0x282da1d6154 of 118 bytes failed: Only part of a ReadProcessMemory or WriteProcessMemory request was completed. (0x12B)
[0524/110326.025:ERROR:process_memory_win.cc(73)] ReadMemory at 0x282da1d61cc of 102 bytes failed: Only part of a ReadProcessMemory or WriteProcessMemory request was completed. (0x12B)
[0524/110326.025:ERROR:process_memory_win.cc(73)] ReadMemory at 0x282da1d6240 of 58 bytes failed: Only part of a ReadProcessMemory or WriteProcessMemory request was completed. (0x12B)
[0524/110326.026:ERROR:process_memory_win.cc(73)] ReadMemory at 0x282da1d6340 of 132 bytes failed: Only part of a ReadProcessMemory or WriteProcessMemory request was completed. (0x12B)
[0524/110326.026:ERROR:process_memory_win.cc(73)] ReadMemory at 0x282da1d64d0 of 132 bytes failed: Only part of a ReadProcessMemory or WriteProcessMemory request was completed. (0x12B)
[0524/110326.026:ERROR:process_memory_win.cc(73)] ReadMemory at 0x282da1d6690 of 126 bytes failed: Only part of a ReadProcessMemory or WriteProcessMemory request was completed. (0x12B)
[0524/110326.026:ERROR:process_memory_win.cc(73)] ReadMemory at 0x282da1d6a70 of 132 bytes failed: Only part of a ReadProcessMemory or WriteProcessMemory request was completed. (0x12B)
[0524/110326.026:ERROR:process_memory_win.cc(73)] ReadMemory at 0x282da1d6c00 of 64 bytes failed: Only part of a ReadProcessMemory or WriteProcessMemory request was completed. (0x12B)
[0524/110326.026:ERROR:process_memory_win.cc(73)] ReadMemory at 0x282da1d6c50 of 132 bytes failed: Only part of a ReadProcessMemory or WriteProcessMemory request was completed. (0x12B)
[0524/110326.027:ERROR:process_memory_win.cc(73)] ReadMemory at 0x282da1d6dc0 of 132 bytes failed: Only part of a ReadProcessMemory or WriteProcessMemory request was completed. (0x12B)
[0524/110326.027:ERROR:process_memory_win.cc(73)] ReadMemory at 0x282da1d7060 of 132 bytes failed: Only part of a ReadProcessMemory or WriteProcessMemory request was completed. (0x12B)
[0524/110326.027:ERROR:process_memory_win.cc(73)] ReadMemory at 0x282da1d71f0 of 68 bytes failed: Only part of a ReadProcessMemory or WriteProcessMemory request was completed. (0x12B)
[0524/110326.027:ERROR:process_memory_win.cc(73)] ReadMemory at 0x282da1d82f0 of 132 bytes failed: Only part of a ReadProcessMemory or WriteProcessMemory request was completed. (0x12B)
[0524/110326.027:ERROR:process_memory_win.cc(73)] ReadMemory at 0x282da1d8480 of 154 bytes failed: Only part of a ReadProcessMemory or WriteProcessMemory request was completed. (0x12B)
[0524/110326.027:ERROR:process_memory_win.cc(73)] ReadMemory at 0x282da1d92c0 of 146 bytes failed: Only part of a ReadProcessMemory or WriteProcessMemory request was completed. (0x12B)
[0524/110326.028:ERROR:process_memory_win.cc(73)] ReadMemory at 0x282da1d93a0 of 132 bytes failed: Only part of a ReadProcessMemory or WriteProcessMemory request was completed. (0x12B)
[0524/110326.028:ERROR:process_memory_win.cc(73)] ReadMemory at 0x282da1d9530 of 60 bytes failed: Only part of a ReadProcessMemory or WriteProcessMemory request was completed. (0x12B)
[0524/110326.028:ERROR:process_memory_win.cc(73)] ReadMemory at 0x282da1d9f70 of 62 bytes failed: Only part of a ReadProcessMemory or WriteProcessMemory request was completed. (0x12B)
[0524/110326.028:ERROR:process_memory_win.cc(73)] ReadMemory at 0x282da1dad40 of 132 bytes failed: Only part of a ReadProcessMemory or WriteProcessMemory request was completed. (0x12B)
[0524/110326.028:ERROR:process_memory_win.cc(73)] ReadMemory at 0x282da1de760 of 132 bytes failed: Only part of a ReadProcessMemory or WriteProcessMemory request was completed. (0x12B)
[0524/110326.028:ERROR:process_memory_win.cc(73)] ReadMemory at 0x282da1de990 of 132 bytes failed: Only part of a ReadProcessMemory or WriteProcessMemory request was completed. (0x12B)
[0524/110326.028:ERROR:process_memory_win.cc(73)] ReadMemory at 0x282da1deb20 of 80 bytes failed: Only part of a ReadProcessMemory or WriteProcessMemory request was completed. (0x12B)
[0524/110326.029:ERROR:process_memory_win.cc(73)] ReadMemory at 0x282da1df130 of 132 bytes failed: Only part of a ReadProcessMemory or WriteProcessMemory request was completed. (0x12B)
[0524/110326.029:ERROR:process_memory_win.cc(73)] ReadMemory at 0x282da1df260 of 132 bytes failed: Only part of a ReadProcessMemory or WriteProcessMemory request was completed. (0x12B)
[0524/110326.029:ERROR:process_memory_win.cc(73)] ReadMemory at 0x282da1df4c0 of 132 bytes failed: Only part of a ReadProcessMemory or WriteProcessMemory request was completed. (0x12B)
[0524/110326.029:ERROR:process_memory_win.cc(73)] ReadMemory at 0x282da1df5f0 of 132 bytes failed: Only part of a ReadProcessMemory or WriteProcessMemory request was completed. (0x12B)
[0524/110326.029:ERROR:process_memory_win.cc(73)] ReadMemory at 0x282da1df850 of 132 bytes failed: Only part of a ReadProcessMemory or WriteProcessMemory request was completed. (0x12B)
[0524/110326.029:ERROR:process_memory_win.cc(73)] ReadMemory at 0x282da1df980 of 132 bytes failed: Only part of a ReadProcessMemory or WriteProcessMemory request was completed. (0x12B)
[0524/110326.029:ERROR:process_memory_win.cc(73)] ReadMemory at 0x282da1e01d0 of 132 bytes failed: Only part of a ReadProcessMemory or WriteProcessMemory request was completed. (0x12B)
[0524/110326.030:ERROR:process_memory_win.cc(73)] ReadMemory at 0x282da1e0430 of 132 bytes failed: Only part of a ReadProcessMemory or WriteProcessMemory request was completed. (0x12B)
[0524/110326.030:ERROR:process_memory_win.cc(73)] ReadMemory at 0x282da1e0690 of 132 bytes failed: Only part of a ReadProcessMemory or WriteProcessMemory request was completed. (0x12B)
[0524/110326.030:ERROR:process_memory_win.cc(73)] ReadMemory at 0x282da1e08f0 of 132 bytes failed: Only part of a ReadProcessMemory or WriteProcessMemory request was completed. (0x12B)
[0524/110326.030:ERROR:process_memory_win.cc(73)] ReadMemory at 0x282da1e3090 of 76 bytes failed: Only part of a ReadProcessMemory or WriteProcessMemory request was completed. (0x12B)
[0524/110326.030:ERROR:process_memory_win.cc(73)] ReadMemory at 0x282da1e3cf0 of 80 bytes failed: Only part of a ReadProcessMemory or WriteProcessMemory request was completed. (0x12B)
[0524/110326.031:ERROR:process_memory_win.cc(73)] ReadMemory at 0x282da1e43b0 of 62 bytes failed: Only part of a ReadProcessMemory or WriteProcessMemory request was completed. (0x12B)
[0524/110326.031:ERROR:process_memory_win.cc(73)] ReadMemory at 0x282da1e4400 of 64 bytes failed: Only part of a ReadProcessMemory or WriteProcessMemory request was completed. (0x12B)
[0524/110326.031:ERROR:process_memory_win.cc(73)] ReadMemory at 0x282da1e4450 of 62 bytes failed: Only part of a ReadProcessMemory or WriteProcessMemory request was completed. (0x12B)
[0524/110326.031:ERROR:process_memory_win.cc(73)] ReadMemory at 0x282da1e44f0 of 62 bytes failed: Only part of a ReadProcessMemory or WriteProcessMemory request was completed. (0x12B)
[0524/110326.031:ERROR:process_memory_win.cc(73)] ReadMemory at 0x282da1e4590 of 60 bytes failed: Only part of a ReadProcessMemory or WriteProcessMemory request was completed. (0x12B)
[0524/110326.031:ERROR:process_memory_win.cc(73)] ReadMemory at 0x282da1e45e0 of 64 bytes failed: Only part of a ReadProcessMemory or WriteProcessMemory request was completed. (0x12B)
[0524/110326.031:ERROR:process_memory_win.cc(73)] ReadMemory at 0x282da1e4680 of 58 bytes failed: Only part of a ReadProcessMemory or WriteProcessMemory request was completed. (0x12B)
[0524/110326.032:ERROR:process_memory_win.cc(73)] ReadMemory at 0x282da1e46d0 of 64 bytes failed: Only part of a ReadProcessMemory or WriteProcessMemory request was completed. (0x12B)
[0524/110326.032:ERROR:process_memory_win.cc(73)] ReadMemory at 0x282da1e4720 of 66 bytes failed: Only part of a ReadProcessMemory or WriteProcessMemory request was completed. (0x12B)
[0524/110326.032:ERROR:process_memory_win.cc(73)] ReadMemory at 0x282da1e4770 of 62 bytes failed: Only part of a ReadProcessMemory or WriteProcessMemory request was completed. (0x12B)
[0524/110326.032:ERROR:process_memory_win.cc(73)] ReadMemory at 0x282da1e47c0 of 64 bytes failed: Only part of a ReadProcessMemory or WriteProcessMemory request was completed. (0x12B)
[0524/110326.032:ERROR:process_memory_win.cc(73)] ReadMemory at 0x282da1e48b0 of 62 bytes failed: Only part of a ReadProcessMemory or WriteProcessMemory request was completed. (0x12B)
[0524/110326.032:ERROR:process_memory_win.cc(73)] ReadMemory at 0x282da1e49f0 of 62 bytes failed: Only part of a ReadProcessMemory or WriteProcessMemory request was completed. (0x12B)
[0524/110326.032:ERROR:process_memory_win.cc(73)] ReadMemory at 0x282da1e4a90 of 60 bytes failed: Only part of a ReadProcessMemory or WriteProcessMemory request was completed. (0x12B)
[0524/110326.033:ERROR:process_memory_win.cc(73)] ReadMemory at 0x282da1e4ae0 of 64 bytes failed: Only part of a ReadProcessMemory or WriteProcessMemory request was completed. (0x12B)
[0524/110326.033:ERROR:process_memory_win.cc(73)] ReadMemory at 0x282da1e4b30 of 62 bytes failed: Only part of a ReadProcessMemory or WriteProcessMemory request was completed. (0x12B)
[0524/110326.033:ERROR:process_memory_win.cc(73)] ReadMemory at 0x282da1e4bd0 of 60 bytes failed: Only part of a ReadProcessMemory or WriteProcessMemory request was completed. (0x12B)
[0524/110326.033:ERROR:process_memory_win.cc(73)] ReadMemory at 0x282da1e4c20 of 60 bytes failed: Only part of a ReadProcessMemory or WriteProcessMemory request was completed. (0x12B)
[0524/110326.033:ERROR:process_memory_win.cc(73)] ReadMemory at 0x282da1e4c70 of 60 bytes failed: Only part of a ReadProcessMemory or WriteProcessMemory request was completed. (0x12B)
[0524/110326.033:ERROR:process_memory_win.cc(73)] ReadMemory at 0x282da1e4cc0 of 64 bytes failed: Only part of a ReadProcessMemory or WriteProcessMemory request was completed. (0x12B)
[0524/110326.033:ERROR:process_memory_win.cc(73)] ReadMemory at 0x282da1e4f40 of 64 bytes failed: Only part of a ReadProcessMemory or WriteProcessMemory request was completed. (0x12B)
[0524/110326.034:ERROR:process_memory_win.cc(73)] ReadMemory at 0x282da1e4f90 of 64 bytes failed: Only part of a ReadProcessMemory or WriteProcessMemory request was completed. (0x12B)
[0524/110326.034:ERROR:process_memory_win.cc(73)] ReadMemory at 0x282da1e5030 of 66 bytes failed: Only part of a ReadProcessMemory or WriteProcessMemory request was completed. (0x12B)
[0524/110326.034:ERROR:process_memory_win.cc(73)] ReadMemory at 0x282da1e50d0 of 62 bytes failed: Only part of a ReadProcessMemory or WriteProcessMemory request was completed. (0x12B)
[0524/110326.034:ERROR:process_memory_win.cc(73)] ReadMemory at 0x282da1e51c0 of 62 bytes failed: Only part of a ReadProcessMemory or WriteProcessMemory request was completed. (0x12B)
[0524/110326.034:ERROR:process_memory_win.cc(73)] ReadMemory at 0x282da1e52b0 of 60 bytes failed: Only part of a ReadProcessMemory or WriteProcessMemory request was completed. (0x12B)
[0524/110326.034:ERROR:process_memory_win.cc(73)] ReadMemory at 0x282da1e5300 of 62 bytes failed: Only part of a ReadProcessMemory or WriteProcessMemory request was completed. (0x12B)
[0524/110326.034:ERROR:process_memory_win.cc(73)] ReadMemory at 0x282da1e5c50 of 132 bytes failed: Only part of a ReadProcessMemory or WriteProcessMemory request was completed. (0x12B)
[0524/110326.035:ERROR:process_memory_win.cc(73)] ReadMemory at 0x282da1e6cb0 of 54 bytes failed: Only part of a ReadProcessMemory or WriteProcessMemory request was completed. (0x12B)
[0524/110326.035:ERROR:process_memory_win.cc(73)] ReadMemory at 0x282da1e7450 of 132 bytes failed: Only part of a ReadProcessMemory or WriteProcessMemory request was completed. (0x12B)
[0524/110326.035:ERROR:process_memory_win.cc(73)] ReadMemory at 0x282da1e7580 of 132 bytes failed: Only part of a ReadProcessMemory or WriteProcessMemory request was completed. (0x12B)
[0524/110326.035:ERROR:process_memory_win.cc(73)] ReadMemory at 0x282da1e88f0 of 132 bytes failed: Only part of a ReadProcessMemory or WriteProcessMemory request was completed. (0x12B)
[0524/110326.035:ERROR:process_memory_win.cc(73)] ReadMemory at 0x282da1e8a20 of 132 bytes failed: Only part of a ReadProcessMemory or WriteProcessMemory request was completed. (0x12B)
[0524/110326.035:ERROR:process_memory_win.cc(73)] ReadMemory at 0x282da1e8b50 of 132 bytes failed: Only part of a ReadProcessMemory or WriteProcessMemory request was completed. (0x12B)
[0524/110326.035:ERROR:process_memory_win.cc(73)] ReadMemory at 0x282da1e9fc0 of 512 bytes failed: Only part of a ReadProcessMemory or WriteProcessMemory request was completed. (0x12B)
[0524/110326.036:ERROR:process_memory_win.cc(73)] ReadMemory at 0x282da1ebd00 of 132 bytes failed: Only part of a ReadProcessMemory or WriteProcessMemory request was completed. (0x12B)
[0524/110326.036:ERROR:process_memory_win.cc(73)] ReadMemory at 0x282da1ebe30 of 132 bytes failed: Only part of a ReadProcessMemory or WriteProcessMemory request was completed. (0x12B)
[0524/110326.036:ERROR:process_memory_win.cc(73)] ReadMemory at 0x282da1ebf60 of 132 bytes failed: Only part of a ReadProcessMemory or WriteProcessMemory request was completed. (0x12B)
[0524/110326.036:ERROR:process_memory_win.cc(73)] ReadMemory at 0x282da1ec090 of 132 bytes failed: Only part of a ReadProcessMemory or WriteProcessMemory request was completed. (0x12B)
[0524/110326.036:ERROR:process_memory_win.cc(73)] ReadMemory at 0x282da1ec1c0 of 132 bytes failed: Only part of a ReadProcessMemory or WriteProcessMemory request was completed. (0x12B)
[0524/110326.036:ERROR:process_memory_win.cc(73)] ReadMemory at 0x282da1ec420 of 132 bytes failed: Only part of a ReadProcessMemory or WriteProcessMemory request was completed. (0x12B)
[0524/110326.036:ERROR:process_memory_win.cc(73)] ReadMemory at 0x282da1ec550 of 132 bytes failed: Only part of a ReadProcessMemory or WriteProcessMemory request was completed. (0x12B)
[0524/110326.036:ERROR:process_memory_win.cc(73)] ReadMemory at 0x282da1ec680 of 132 bytes failed: Only part of a ReadProcessMemory or WriteProcessMemory request was completed. (0x12B)
[0524/110326.037:ERROR:process_memory_win.cc(73)] ReadMemory at 0x282da1ec7b0 of 132 bytes failed: Only part of a ReadProcessMemory or WriteProcessMemory request was completed. (0x12B)
[0524/110326.037:ERROR:process_memory_win.cc(73)] ReadMemory at 0x282da1ec8e0 of 132 bytes failed: Only part of a ReadProcessMemory or WriteProcessMemory request was completed. (0x12B)
[0524/110326.037:ERROR:process_memory_win.cc(73)] ReadMemory at 0x282da1eca10 of 132 bytes failed: Only part of a ReadProcessMemory or WriteProcessMemory request was completed. (0x12B)
[0524/110326.037:ERROR:process_memory_win.cc(73)] ReadMemory at 0x282da1ecb40 of 132 bytes failed: Only part of a ReadProcessMemory or WriteProcessMemory request was completed. (0x12B)
[0524/110326.037:ERROR:process_memory_win.cc(73)] ReadMemory at 0x282da2040c0 of 512 bytes failed: Only part of a ReadProcessMemory or WriteProcessMemory request was completed. (0x12B)
[0524/110326.037:ERROR:process_memory_win.cc(73)] ReadMemory at 0x282da7810c0 of 512 bytes failed: Only part of a ReadProcessMemory or WriteProcessMemory request was completed. (0x12B)
[0524/110326.038:ERROR:process_memory_win.cc(73)] ReadMemory at 0x282da7c0081 of 512 bytes failed: Only part of a ReadProcessMemory or WriteProcessMemory request was completed. (0x12B)
[0524/110326.038:ERROR:process_memory_win.cc(73)] ReadMemory at 0x282da7c7120 of 512 bytes failed: Only part of a ReadProcessMemory or WriteProcessMemory request was completed. (0x12B)
[0524/110326.038:ERROR:process_memory_win.cc(73)] ReadMemory at 0x282da7f8740 of 512 bytes failed: Only part of a ReadProcessMemory or WriteProcessMemory request was completed. (0x12B)
[0524/110326.038:ERROR:process_memory_win.cc(73)] ReadMemory at 0x282da8063a0 of 512 bytes failed: Only part of a ReadProcessMemory or WriteProcessMemory request was completed. (0x12B)
[0524/110326.038:ERROR:process_memory_win.cc(73)] ReadMemory at 0x282da81ca30 of 712 bytes failed: Only part of a ReadProcessMemory or WriteProcessMemory request was completed. (0x12B)
[0524/110326.038:ERROR:process_memory_win.cc(73)] ReadMemory at 0x282da829210 of 512 bytes failed: Only part of a ReadProcessMemory or WriteProcessMemory request was completed. (0x12B)
[0524/110326.038:ERROR:process_memory_win.cc(73)] ReadMemory at 0x282da82fe90 of 512 bytes failed: Only part of a ReadProcessMemory or WriteProcessMemory request was completed. (0x12B)
[0524/110326.038:ERROR:process_memory_win.cc(73)] ReadMemory at 0x282dbed0000 of 384 bytes failed: Only part of a ReadProcessMemory or WriteProcessMemory request was completed. (0x12B)
[0524/110326.039:ERROR:process_memory_win.cc(73)] ReadMemory at 0x282dbf039b0 of 512 bytes failed: Only part of a ReadProcessMemory or WriteProcessMemory request was completed. (0x12B)
[0524/110326.039:ERROR:process_memory_win.cc(73)] ReadMemory at 0x282dbf31db0 of 512 bytes failed: Only part of a ReadProcessMemory or WriteProcessMemory request was completed. (0x12B)
[0524/110326.039:ERROR:process_memory_win.cc(73)] ReadMemory at 0x282dbfdfc60 of 512 bytes failed: Only part of a ReadProcessMemory or WriteProcessMemory request was completed. (0x12B)
[0524/110326.039:ERROR:process_memory_win.cc(73)] ReadMemory at 0x282dc038420 of 512 bytes failed: Only part of a ReadProcessMemory or WriteProcessMemory request was completed. (0x12B)
[0524/110326.039:ERROR:process_memory_win.cc(73)] ReadMemory at 0x282dc052790 of 512 bytes failed: Only part of a ReadProcessMemory or WriteProcessMemory request was completed. (0x12B)
[0524/110326.039:ERROR:process_memory_win.cc(73)] ReadMemory at 0x7ffcec10cf87 of 512 bytes failed: Only part of a ReadProcessMemory or WriteProcessMemory request was completed. (0x12B)
[0524/110326.039:ERROR:process_memory_win.cc(73)] ReadMemory at 0x7ffcec10e2b0 of 512 bytes failed: Only part of a ReadProcessMemory or WriteProcessMemory request was completed. (0x12B)
[0524/110326.040:ERROR:process_memory_win.cc(73)] ReadMemory at 0x7ffced9c42b0 of 512 bytes failed: Only part of a ReadProcessMemory or WriteProcessMemory request was completed. (0x12B)
[0524/110326.040:ERROR:process_memory_win.cc(73)] ReadMemory at 0x7ffcedd2e67c of 512 bytes failed: Only part of a ReadProcessMemory or WriteProcessMemory request was completed. (0x12B)
[0524/110326.040:ERROR:process_memory_win.cc(73)] ReadMemory at 0x7ffcee28971c of 512 bytes failed: Only part of a ReadProcessMemory or WriteProcessMemory request was completed. (0x12B)
[0524/110326.040:ERROR:process_memory_win.cc(73)] ReadMemory at 0x7ffcf31f9cd8 of 512 bytes failed: Only part of a ReadProcessMemory or WriteProcessMemory request was completed. (0x12B)
[0524/110326.040:ERROR:process_memory_win.cc(73)] ReadMemory at 0x7ffcf345af58 of 512 bytes failed: Only part of a ReadProcessMemory or WriteProcessMemory request was completed. (0x12B)
[0524/110326.040:ERROR:process_memory_win.cc(73)] ReadMemory at 0x7ffd4856a719 of 512 bytes failed: Only part of a ReadProcessMemory or WriteProcessMemory request was completed. (0x12B)
[0524/110326.041:ERROR:process_memory_win.cc(73)] ReadMemory at 0x7ffd4a7fc074 of 672 bytes failed: Only part of a ReadProcessMemory or WriteProcessMemory request was completed. (0x12B)
[0524/110326.041:ERROR:process_memory_win.cc(73)] ReadMemory at 0x7ffd4a7fc674 of 512 bytes failed: Only part of a ReadProcessMemory or WriteProcessMemory request was completed. (0x12B)
[0524/110326.041:ERROR:process_memory_win.cc(73)] ReadMemory at 0x7ffd4a7ff924 of 608 bytes failed: Only part of a ReadProcessMemory or WriteProcessMemory request was completed. (0x12B)
[0524/110326.041:ERROR:process_memory_win.cc(73)] ReadMemory at 0x7ffd4a88c428 of 18 bytes failed: Only part of a ReadProcessMemory or WriteProcessMemory request was completed. (0x12B)
[0524/110326.041:ERROR:process_memory_win.cc(73)] ReadMemory at 0x7ffd4a8bf4f8 of 40 bytes failed: Only part of a ReadProcessMemory or WriteProcessMemory request was completed. (0x12B)
[0524/110326.041:ERROR:process_memory_win.cc(73)] ReadMemory at 0x7ffd4a8bf978 of 48 bytes failed: Only part of a ReadProcessMemory or WriteProcessMemory request was completed. (0x12B)
[0524/110326.042:ERROR:process_memory_win.cc(73)] ReadMemory at 0x7ffd4a8c53c0 of 64 bytes failed: Only part of a ReadProcessMemory or WriteProcessMemory request was completed. (0x12B)
[0524/110326.045:ERROR:scoped_process_suspend.cc(40)] NtResumeProcess: An attempt was made to access an exiting process. (0xc000010a)
[0524/110326.117:ERROR:http_transport_win.cc(276)] WinHttpSendRequest: The operation completed successfully. (0x0)
